nohup: ignoring input
📋 Environment loaded:
  MONGODB_URI: ✓ Set
  DB_NAME: portfolio_db
  PORT: 5050
✓ Successfully connected to MongoDB
node:events:486
      throw er; // Unhandled 'error' event
      ^

Error: listen EADDRINUSE: address already in use :::5050
    at Server.setupListenHandle [as _listen2] (node:net:1940:16)
    at listenInCluster (node:net:1997:12)
    at Server.listen (node:net:2102:7)
    at app.listen (/workspaces/Portfolio_V.1/server/node_modules/express/lib/application.js:635:24)
    at startServer (file:///workspaces/Portfolio_V.1/server/index.js:87:9)
    at process.processTicksAndRejections (node:internal/process/task_queues:103:5)
Emitted 'error' event on Server instance at:
    at emitErrorNT (node:net:1976:8)
    at process.processTicksAndRejections (node:internal/process/task_queues:89:21) {
  code: 'EADDRINUSE',
  errno: -98,
  syscall: 'listen',
  address: '::',
  port: 5050
}

Node.js v24.11.1
